make all --print-data-base --no-builtin-variables --no-builtin-rules --question
# GNU Make 4.3
# Built for x86_64-pc-linux-gnu
# Copyright (C) 1988-2020 Free Software Foundation, Inc.
# License GPLv3+: GNU GPL version 3 or later <http://gnu.org/licenses/gpl.html>
# This is free software: you are free to change and redistribute it.
# There is NO WARRANTY, to the extent permitted by law.
 

# Make data base, printed on Sun Apr 24 12:43:48 2022

# Variables

# environment
REMOTE_CONTAINERS_SOCKETS = ["/tmp/vscode-ssh-auth-520f58b2fc6a5f3d9e702e5056b6045f23e5c682.sock"]
# makefile (from 'Makefile', line 18)
LIBDIR = lib/libft/
# environment
LC_ALL = C
# makefile (from 'Makefile', line 21)
SRC = src/main.c src/tools/prompt.c src/tools/execute.c src/tools/parser/parser.c src/tools/hash/hash.c src/tools/hash/insert_env.c src/tools/hash/print_hash.c src/tools/tokenizer/tokenizer.c src/utils/msg.c src/utils/ft_free.c 
# environment
VSCODE_CWD = /vscode/vscode-server/bin/linux-x64/dfd34e8260c270da74b5c2d86d61aee4b6d56977
# makefile (from 'Makefile', line 17)
MINISHELL_HEADER = include/minishell.h
# default
MAKE_COMMAND := make
# automatic
@D = $(patsubst %/,%,$(dir $@))
# makefile (from 'Makefile', line 35)
OBJ_DIR = obj/
# environment
VSCODE_HANDLES_UNCAUGHT_ERRORS = true
# default
.VARIABLES := 
# environment
PWD = /workspaces/42minishell
# automatic
%D = $(patsubst %/,%,$(dir $%))
# environment
HOSTNAME = 42MINISHELL
# automatic
^D = $(patsubst %/,%,$(dir $^))
# environment
VSCODE_LOG_STACK = false
# automatic
%F = $(notdir $%)
# makefile (from 'Makefile', line 19)
LIBFT = lib/libft/libft.a
# makefile (from 'Makefile', line 33)
CC_FLAG = -Wall -Wextra -Werror
# environment
LANG = C
# default
.LOADED := 
# default
.INCLUDE_DIRS = /usr/local/include /usr/include /usr/include
# makefile
MAKEFLAGS = pqrR
# makefile (from 'Makefile', line 37)
OBJECTS_PREFIXED = $(addprefix $(OBJ_DIR), $(OBJS))
# makefile
CURDIR := /workspaces/42minishell
# environment
VSCODE_PIPE_LOGGING = true
# environment
APPLICATION_INSIGHTS_NO_DIAGNOSTIC_CHANNEL = 1
# automatic
*D = $(patsubst %/,%,$(dir $*))
# environment
MFLAGS = -pqrR
# environment
SSH_AUTH_SOCK = /tmp/vscode-ssh-auth-520f58b2fc6a5f3d9e702e5056b6045f23e5c682.sock
# default
.SHELLFLAGS := -c
# automatic
+D = $(patsubst %/,%,$(dir $+))
# makefile (from 'Makefile', line 1)
MAKEFILE_LIST := Makefile
# automatic
@F = $(notdir $@)
# environment
VSCODE_VERBOSE_LOGGING = true
# automatic
?D = $(patsubst %/,%,$(dir $?))
# automatic
*F = $(notdir $*)
# automatic
<D = $(patsubst %/,%,$(dir $<))
# environment
VSCODE_NLS_CONFIG = {"locale":"en","availableLanguages":{}}
# default
MAKE_HOST := x86_64-pc-linux-gnu
# makefile (from 'Makefile', line 36)
OBJS = $(SRC:.c=.o)
# makefile
SHELL = /bin/sh
# default
MAKECMDGOALS := all
# environment
SHLVL = 1
# environment
MAKELEVEL := 0
# default
MAKE = $(MAKE_COMMAND)
# environment
PATH = /vscode/vscode-server/bin/linux-x64/dfd34e8260c270da74b5c2d86d61aee4b6d56977/bin/remote-cli:/usr/local/sbin:/usr/local/bin:/usr/sbin:/usr/bin:/sbin:/bin
# default
MAKEFILES := 
# automatic
^F = $(notdir $^)
# environment
VSCODE_LOG_NATIVE = false
# environment
REMOTE_CONTAINERS_IPC = /tmp/vscode-remote-containers-ipc-520f58b2fc6a5f3d9e702e5056b6045f23e5c682.sock
# environment
REMOTE_CONTAINERS = true
# automatic
?F = $(notdir $?)
# makefile (from 'Makefile', line 15)
NAME = minishell
# automatic
+F = $(notdir $+)
# 'override' directive
GNUMAKEFLAGS := 
# environment
BROWSER = /vscode/vscode-server/bin/linux-x64/dfd34e8260c270da74b5c2d86d61aee4b6d56977/bin/helpers/browser.sh
# makefile
.DEFAULT_GOAL := lib/libft/libft.a
# environment
DISPLAY = 192.168.4.222:0.0
# environment
USER = Dokcer
# default
MAKE_VERSION := 4.3
# environment
VSCODE_EXTHOST_WILL_SEND_SOCKET = true
# environment
VSCODE_AGENT_FOLDER = /root/.vscode-server
# environment
_ = /bin/cat
# environment
VSCODE_IPC_HOOK_CLI = /tmp/vscode-ipc-76189660-81ee-4eac-aae7-db0ac44e7201.sock
# environment
VSCODE_AMD_ENTRYPOINT = vs/workbench/api/node/extensionHostProcess
# environment
HOME = /root
# default
.RECIPEPREFIX := 
# automatic
<F = $(notdir $<)
# default
SUFFIXES := 
# default
.FEATURES := target-specific order-only second-expansion else-if shortest-stem undefine oneshell nocomment grouped-target extra-prereqs archives jobserver output-sync check-symlink load
# makefile (from 'Makefile', line 32)
CC = gcc -g
# variable set hash-table stats:
# Load=72/1024=7%, Rehash=0, Collisions=4/123=3%

# Pattern-specific Variable Values

# No pattern-specific variable values.

# Directories

# include (device 113, inode 121325342): 2 files, no impossibilities so far.
# src (device 113, inode 121325704): 1 files, no impossibilities so far.
# src/tools (device 113, inode 121547021): 5 files, no impossibilities so far.
# . (device 113, inode 121325117): 15 files, no impossibilities.
# src/tools/parser (device 113, inode 121624366): 1 files, no impossibilities so far.
# src/utils (device 113, inode 121595670): 2 files, no impossibilities so far.
# src/tools/hash (device 113, inode 121624361): 4 files, no impossibilities so far.
# src/tools/tokenizer (device 113, inode 121624369): 1 files, no impossibilities so far.

# 31 files, no impossibilities in 8 directories.

# Implicit Rules

obj/%.o: %.c include/minishell.h
#  recipe to execute (from 'Makefile', line 40):
	@mkdir -p $(OBJ_DIR)/src
	@mkdir -p $(OBJ_DIR)/src/tools
	@mkdir -p $(OBJ_DIR)/src/tools/parser
	@mkdir -p $(OBJ_DIR)/src/tools/hash
	@mkdir -p $(OBJ_DIR)/src/tools/tokenizer
	@mkdir -p $(OBJ_DIR)/src/utils
	@echo "Compiling $@"
	@$(CC) $(CC_FLAG) -c $< -o $@

# 1 implicit rules, 0 (0.0%) terminal.
# Files

# Not a target:
src/tools/hash/insert_env.c:
#  Implicit rule search has been done.
#  Last modified 2022-04-24 12:17:36.781599721
#  File has been updated.
#  Successfully updated.

lib/libft/libft.a:
#  Implicit rule search has not been done.
#  Modification time never checked.
#  File has not been updated.
#  recipe to execute (from 'Makefile', line 50):
	make re -C $(LIBDIR)
	

# Not a target:
src/utils/msg.c:
#  Implicit rule search has been done.
#  Last modified 2022-04-24 12:17:36.799373226
#  File has been updated.
#  Successfully updated.

obj/src/tools/hash/insert_env.o: src/tools/hash/insert_env.c include/minishell.h
#  Implicit rule search has been done.
#  Implicit/static pattern stem: 'src/tools/hash/insert_env'
#  Last modified 2022-04-24 12:38:02.277014199
#  File has been updated.
#  Successfully updated.
#  recipe to execute (from 'Makefile', line 40):
	@mkdir -p $(OBJ_DIR)/src
	@mkdir -p $(OBJ_DIR)/src/tools
	@mkdir -p $(OBJ_DIR)/src/tools/parser
	@mkdir -p $(OBJ_DIR)/src/tools/hash
	@mkdir -p $(OBJ_DIR)/src/tools/tokenizer
	@mkdir -p $(OBJ_DIR)/src/utils
	@echo "Compiling $@"
	@$(CC) $(CC_FLAG) -c $< -o $@

# Not a target:
src/tools/parser/parser.c:
#  Implicit rule search has been done.
#  Last modified 2022-04-24 12:17:36.787763264
#  File has been updated.
#  Successfully updated.

obj/src/tools/tokenizer/tokenizer.o: src/tools/tokenizer/tokenizer.c include/minishell.h
#  Implicit rule search has been done.
#  Implicit/static pattern stem: 'src/tools/tokenizer/tokenizer'
#  Last modified 2022-04-24 12:38:02.380223079
#  File has been updated.
#  Successfully updated.
#  recipe to execute (from 'Makefile', line 40):
	@mkdir -p $(OBJ_DIR)/src
	@mkdir -p $(OBJ_DIR)/src/tools
	@mkdir -p $(OBJ_DIR)/src/tools/parser
	@mkdir -p $(OBJ_DIR)/src/tools/hash
	@mkdir -p $(OBJ_DIR)/src/tools/tokenizer
	@mkdir -p $(OBJ_DIR)/src/utils
	@echo "Compiling $@"
	@$(CC) $(CC_FLAG) -c $< -o $@

obj/src/tools/hash/print_hash.o: src/tools/hash/print_hash.c include/minishell.h
#  Implicit rule search has been done.
#  Implicit/static pattern stem: 'src/tools/hash/print_hash'
#  Last modified 2022-04-24 12:38:02.329479297
#  File has been updated.
#  Successfully updated.
#  recipe to execute (from 'Makefile', line 40):
	@mkdir -p $(OBJ_DIR)/src
	@mkdir -p $(OBJ_DIR)/src/tools
	@mkdir -p $(OBJ_DIR)/src/tools/parser
	@mkdir -p $(OBJ_DIR)/src/tools/hash
	@mkdir -p $(OBJ_DIR)/src/tools/tokenizer
	@mkdir -p $(OBJ_DIR)/src/utils
	@echo "Compiling $@"
	@$(CC) $(CC_FLAG) -c $< -o $@

minishell: obj/src/main.o obj/src/tools/prompt.o obj/src/tools/execute.o obj/src/tools/parser/parser.o obj/src/tools/hash/hash.o obj/src/tools/hash/insert_env.o obj/src/tools/hash/print_hash.o obj/src/tools/tokenizer/tokenizer.o obj/src/utils/msg.o obj/src/utils/ft_free.o lib/libft/libft.a
#  Implicit rule search has not been done.
#  File does not exist.
#  File has been updated.
#  Needs to be updated (-q is set).
# variable set hash-table stats:
# Load=0/32=0%, Rehash=0, Collisions=0/11=0%
#  recipe to execute (from 'Makefile', line 53):
	@$(CC) $(CC_FLAG) $(OBJECTS_PREFIXED) $(LIBFT) -o $(NAME) -lreadline
	@echo "minishell Done !"

# Not a target:
Makefile:
#  Implicit rule search has been done.
#  Last modified 2022-04-24 12:43:42.223799032
#  File has been updated.
#  Successfully updated.

clean:
#  Implicit rule search has not been done.
#  Modification time never checked.
 
#  File has not been updated.
#  recipe to execute (from 'Makefile', line 65):
	@echo "Cleaning"
	@rm -rf $(OBJ_DIR)
	@make clean -C $(LIBDIR)

obj/src/utils/msg.o: src/utils/msg.c include/minishell.h
#  Implicit rule search has been done.
#  Implicit/static pattern stem: 'src/utils/msg'
#  Last modified 2022-04-24 12:38:02.435608168
#  File has been updated.
#  Successfully updated.
#  recipe to execute (from 'Makefile', line 40):
	@mkdir -p $(OBJ_DIR)/src
	@mkdir -p $(OBJ_DIR)/src/tools
	@mkdir -p $(OBJ_DIR)/src/tools/parser
	@mkdir -p $(OBJ_DIR)/src/tools/hash
	@mkdir -p $(OBJ_DIR)/src/tools/tokenizer
	@mkdir -p $(OBJ_DIR)/src/utils
	@echo "Compiling $@"
	@$(CC) $(CC_FLAG) -c $< -o $@

obj/src/main.o: src/main.c include/minishell.h
#  Implicit rule search has been done.
#  Implicit/static pattern stem: 'src/main'
#  Last modified 2022-04-24 12:43:13.831896936
#  File has been updated.
#  Successfully updated.
#  recipe to execute (from 'Makefile', line 40):
	@mkdir -p $(OBJ_DIR)/src
	@mkdir -p $(OBJ_DIR)/src/tools
	@mkdir -p $(OBJ_DIR)/src/tools/parser
	@mkdir -p $(OBJ_DIR)/src/tools/hash
	@mkdir -p $(OBJ_DIR)/src/tools/tokenizer
	@mkdir -p $(OBJ_DIR)/src/utils
	@echo "Compiling $@"
	@$(CC) $(CC_FLAG) -c $< -o $@

# Not a target:
src/tools/hash/print_hash.c:
#  Implicit rule search has been done.
#  Last modified 2022-04-24 12:17:36.783712083
#  File has been updated.
#  Successfully updated.

# Not a target:
src/tools/execute.c:
#  Implicit rule search has been done.
#  Last modified 2022-04-24 12:17:36.772585201
#  File has been updated.
#  Successfully updated.

# Not a target:
src/main.c:
#  Implicit rule search has been done.
#  Last modified 2022-04-24 12:43:09.60793941
#  File has been updated.
#  Successfully updated.

re: fclean all
#  Implicit rule search has not been done.
#  Modification time never checked.
#  File has not been updated.

obj/src/tools/parser/parser.o: src/tools/parser/parser.c include/minishell.h
#  Implicit rule search has been done.
#  Implicit/static pattern stem: 'src/tools/parser/parser'
#  Last modified 2022-04-24 12:38:02.161775195
#  File has been updated.
#  Successfully updated.
#  recipe to execute (from 'Makefile', line 40):
	@mkdir -p $(OBJ_DIR)/src
	@mkdir -p $(OBJ_DIR)/src/tools
	@mkdir -p $(OBJ_DIR)/src/tools/parser
	@mkdir -p $(OBJ_DIR)/src/tools/hash
	@mkdir -p $(OBJ_DIR)/src/tools/tokenizer
	@mkdir -p $(OBJ_DIR)/src/utils
	@echo "Compiling $@"
	@$(CC) $(CC_FLAG) -c $< -o $@

# Not a target:
src/tools/tokenizer/tokenizer.c:
#  Implicit rule search has been done.
#  Last modified 2022-04-24 12:17:36.795166366
#  File has been updated.
#  Successfully updated.

# Not a target:
.DEFAULT:
#  Implicit rule search has not been done.
#  Modification time never checked.
#  File has not been updated.

obj/src/tools/hash/hash.o: src/tools/hash/hash.c include/minishell.h
#  Implicit rule search has been done.
#  Implicit/static pattern stem: 'src/tools/hash/hash'
#  Last modified 2022-04-24 12:38:02.219420975
#  File has been updated.
#  Successfully updated.
#  recipe to execute (from 'Makefile', line 40):
	@mkdir -p $(OBJ_DIR)/src
	@mkdir -p $(OBJ_DIR)/src/tools
	@mkdir -p $(OBJ_DIR)/src/tools/parser
	@mkdir -p $(OBJ_DIR)/src/tools/hash
	@mkdir -p $(OBJ_DIR)/src/tools/tokenizer
	@mkdir -p $(OBJ_DIR)/src/utils
	@echo "Compiling $@"
	@$(CC) $(CC_FLAG) -c $< -o $@

obj/src/tools/execute.o: src/tools/execute.c include/minishell.h
#  Implicit rule search has been done.
#  Implicit/static pattern stem: 'src/tools/execute'
#  Last modified 2022-04-24 12:38:02.100901085
#  File has been updated.
#  Successfully updated.
#  recipe to execute (from 'Makefile', line 40):
	@mkdir -p $(OBJ_DIR)/src
	@mkdir -p $(OBJ_DIR)/src/tools
	@mkdir -p $(OBJ_DIR)/src/tools/parser
	@mkdir -p $(OBJ_DIR)/src/tools/hash
	@mkdir -p $(OBJ_DIR)/src/tools/tokenizer
	@mkdir -p $(OBJ_DIR)/src/utils
	@echo "Compiling $@"
	@$(CC) $(CC_FLAG) -c $< -o $@

all: minishell
#  Command line target.
#  Implicit rule search has not been done.
#  File does not exist.
#  File has been updated.
#  Needs to be updated (-q is set).
# variable set hash-table stats:
# Load=0/32=0%, Rehash=0, Collisions=0/11=0%
#  recipe to execute (from 'Makefile', line 62):
	@make all -C $(LIBDIR)

# Not a target:
src/tools/hash/hash.c:
#  Implicit rule search has been done.
#  Last modified 2022-04-24 12:17:36.779395305
#  File has been updated.
#  Successfully updated.

fclean:
#  Implicit rule search has not been done.
#  Modification time never checked.
#  File has not been updated.
#  recipe to execute (from 'Makefile', line 70):
	rm -f $(NAME)
	@make fclean -C $(LIBDIR)

# Not a target:
src/tools/prompt.c:
#  Implicit rule search has been done.
#  Last modified 2022-04-24 12:17:36.790103594
#  File has been updated.
#  Successfully updated.

leak:
#  Implicit rule search has not been done.
#  Modification time never checked.
#  File has not been updated.
#  recipe to execute (from 'Makefile', line 57):
	@echo "leak"
	@make re
	@valgrind --leak-check=full ./$(NAME)

# Not a target:
include/minishell.h:
#  Implicit rule search has been done.
#  Last modified 2022-04-24 12:17:36.763169934
#  File has been updated.
#  Successfully updated.

# Not a target:
src/utils/ft_free.c:
#  Implicit rule search has been done.
#  Last modified 2022-04-24 12:42:29.020186204
#  File has been updated.
#  Successfully updated.

obj/src/utils/ft_free.o: src/utils/ft_free.c include/minishell.h
#  Implicit rule search has been done.
#  Implicit/static pattern stem: 'src/utils/ft_free'
#  File does not exist.
#  File has been updated.
#  Needs to be updated (-q is set).
# automatic
# @ := obj/src/utils/ft_free.o
# automatic
# * := src/utils/ft_free
# automatic
# < := src/utils/ft_free.c
# automatic
# + := src/utils/ft_free.c include/minishell.h
# automatic
# % := 
# automatic
# ^ := src/utils/ft_free.c include/minishell.h
# automatic
# ? := src/utils/ft_free.c include/minishell.h
# automatic
# | := 
# variable set hash-table stats:
# Load=8/32=25%, Rehash=0, Collisions=2/22=9%
#  recipe to execute (from 'Makefile', line 40):
	@mkdir -p $(OBJ_DIR)/src
	@mkdir -p $(OBJ_DIR)/src/tools
	@mkdir -p $(OBJ_DIR)/src/tools/parser
	@mkdir -p $(OBJ_DIR)/src/tools/hash
	@mkdir -p $(OBJ_DIR)/src/tools/tokenizer
	@mkdir -p $(OBJ_DIR)/src/utils
	@echo "Compiling $@"
	@$(CC) $(CC_FLAG) -c $< -o $@

obj/src/tools/prompt.o: src/tools/prompt.c include/minishell.h
#  Implicit rule search has been done.
#  Implicit/static pattern stem: 'src/tools/prompt'
#  Last modified 2022-04-24 12:38:02.042933786
#  File has been updated.
#  Successfully updated.
#  recipe to execute (from 'Makefile', line 40):
	@mkdir -p $(OBJ_DIR)/src
	@mkdir -p $(OBJ_DIR)/src/tools
	@mkdir -p $(OBJ_DIR)/src/tools/parser
	@mkdir -p $(OBJ_DIR)/src/tools/hash
	@mkdir -p $(OBJ_DIR)/src/tools/tokenizer
	@mkdir -p $(OBJ_DIR)/src/utils
	@echo "Compiling $@"
	@$(CC) $(CC_FLAG) -c $< -o $@

# files hash-table stats:
# Load=31/1024=3%, Rehash=0, Collisions=6/106=6%
# VPATH Search Paths

# No 'vpath' search paths.

# No general ('VPATH' variable) search path.

# strcache buffers: 1 (0) / strings = 80 / storage = 1178 B / avg = 14 B
# current buf: size = 8162 B / used = 1178 B / count = 80 / avg = 14 B

# strcache performance: lookups = 128 / hit rate = 37%
# hash-table stats:
# Load=80/8192=1%, Rehash=0, Collisions=1/128=1%
# Finished Make data base on Sun Apr 24 12:43:48 2022

 
